<?xml version="1.0" encoding="UTF-8"?>
<testng-results skipped="0" failed="0" ignored="0" total="1" passed="1">
  <reporter-output>
  </reporter-output>
  <suite name="Default suite" duration-ms="8300" started-at="2019-02-28T07:12:01Z" finished-at="2019-02-28T07:12:09Z">
    <groups>
    </groups>
    <test name="Default test" duration-ms="8300" started-at="2019-02-28T07:12:01Z" finished-at="2019-02-28T07:12:09Z">
      <class name="demo.TestCase2">
        <test-method status="PASS" signature="beforeTest()[pri:0, instance:demo.TestCase2@18be83e4]" name="beforeTest" is-config="true" duration-ms="8093" started-at="2019-02-28T07:12:01Z" finished-at="2019-02-28T07:12:09Z">
          <reporter-output>
          </reporter-output>
        </test-method> <!-- beforeTest -->
        <test-method status="PASS" signature="testCase2()[pri:0, instance:demo.TestCase2@18be83e4]" name="testCase2" duration-ms="24" started-at="2019-02-28T07:12:09Z" finished-at="2019-02-28T07:12:09Z">
          <reporter-output>
          </reporter-output>
        </test-method> <!-- testCase2 -->
        <test-method status="PASS" signature="afterTest()[pri:0, instance:demo.TestCase2@18be83e4]" name="afterTest" is-config="true" duration-ms="159" started-at="2019-02-28T07:12:09Z" finished-at="2019-02-28T07:12:09Z">
          <reporter-output>
          </reporter-output>
        </test-method> <!-- afterTest -->
      </class> <!-- demo.TestCase2 -->
    </test> <!-- Default test -->
  </suite> <!-- Default suite -->
</testng-results>
